NotePadTest/notePad/build/outputs/logs/manifest-merger-release-report.txt
-- Merging decision tree log ---
manifest
ADDED from AndroidManifest.xml:22:1
	xmlns:android
		ADDED from AndroidManifest.xml:22:11
	package
		ADDED from AndroidManifest.xml:23:5
		INJECTED from AndroidManifest.xml:0:0
		INJECTED from AndroidManifest.xml:0:0
application
ADDED from AndroidManifest.xml:25:5
	android:label
		ADDED from AndroidManifest.xml:26:9
	android:icon
		ADDED from AndroidManifest.xml:25:18
provider#com.example.android.notepad.NotePadProvider
ADDED from AndroidManifest.xml:27:9
	android:authorities
		ADDED from AndroidManifest.xml:28:13
	android:name
		ADDED from AndroidManifest.xml:27:19
activity#com.example.android.notepad.NotesList
ADDED from AndroidManifest.xml:30:9
	android:label
		ADDED from AndroidManifest.xml:31:13
	android:name
		ADDED from AndroidManifest.xml:30:19
intent-filter#android.intent.action.MAIN+android.intent.category.LAUNCHER
ADDED from AndroidManifest.xml:32:13
action#android.intent.action.MAIN
ADDED from AndroidManifest.xml:33:17
	android:name
		ADDED from AndroidManifest.xml:33:25
category#android.intent.category.LAUNCHER
ADDED from AndroidManifest.xml:34:17
	android:name
		ADDED from AndroidManifest.xml:34:27
intent-filter#android.intent.action.EDIT+android.intent.action.PICK+android.intent.action.VIEW+android.intent.category.DEFAULT
ADDED from AndroidManifest.xml:36:13
action#android.intent.action.VIEW
ADDED from AndroidManifest.xml:37:17
	android:name
		ADDED from AndroidManifest.xml:37:25
action#android.intent.action.EDIT
ADDED from AndroidManifest.xml:38:17
	android:name
		ADDED from AndroidManifest.xml:38:25
action#android.intent.action.PICK
ADDED from AndroidManifest.xml:39:17
	android:name
		ADDED from AndroidManifest.xml:39:25
category#android.intent.category.DEFAULT
ADDED from AndroidManifest.xml:40:17
	android:name
		ADDED from AndroidManifest.xml:40:27
data
ADDED from AndroidManifest.xml:41:17
	android:mimeType
		ADDED from AndroidManifest.xml:41:23
intent-filter#android.intent.action.GET_CONTENT+android.intent.category.DEFAULT
ADDED from AndroidManifest.xml:43:13
action#android.intent.action.GET_CONTENT
ADDED from AndroidManifest.xml:44:17
	android:name
		ADDED from AndroidManifest.xml:44:25
activity#com.example.android.notepad.NoteEditor
ADDED from AndroidManifest.xml:50:9
	android:configChanges
		ADDED from AndroidManifest.xml:52:13
	android:theme
		ADDED from AndroidManifest.xml:51:13
	android:name
		ADDED from AndroidManifest.xml:50:19
intent-filter#android.intent.action.EDIT+android.intent.action.VIEW+android.intent.category.DEFAULT+com.android.notes.action.EDIT_NOTE
ADDED from AndroidManifest.xml:55:13
	android:label
		ADDED from AndroidManifest.xml:55:28
action#com.android.notes.action.EDIT_NOTE
ADDED from AndroidManifest.xml:58:17
	android:name
		ADDED from AndroidManifest.xml:58:25
intent-filter#android.intent.action.INSERT+android.intent.category.DEFAULT
ADDED from AndroidManifest.xml:65:13
action#android.intent.action.INSERT
ADDED from AndroidManifest.xml:66:17
	android:name
		ADDED from AndroidManifest.xml:66:25
activity#com.example.android.notepad.TitleEditor
ADDED from AndroidManifest.xml:73:9
	android:windowSoftInputMode
		ADDED from AndroidManifest.xml:77:13
	android:label
		ADDED from AndroidManifest.xml:74:13
	android:icon
		ADDED from AndroidManifest.xml:76:13
	android:theme
		ADDED from AndroidManifest.xml:75:13
	android:name
		ADDED from AndroidManifest.xml:73:19
intent-filter#android.intent.category.ALTERNATIVE+android.intent.category.DEFAULT+android.intent.category.SELECTED_ALTERNATIVE+com.android.notepad.action.EDIT_TITLE
ADDED from AndroidManifest.xml:82:13
	android:label
		ADDED from AndroidManifest.xml:82:28
action#com.android.notepad.action.EDIT_TITLE
ADDED from AndroidManifest.xml:86:17
	android:name
		ADDED from AndroidManifest.xml:86:25
category#android.intent.category.ALTERNATIVE
ADDED from AndroidManifest.xml:91:17
	android:name
		ADDED from AndroidManifest.xml:91:27
category#android.intent.category.SELECTED_ALTERNATIVE
ADDED from AndroidManifest.xml:94:17
	android:name
		ADDED from AndroidManifest.xml:94:27
activity#com.example.android.notepad.NotesLiveFolder
ADDED from AndroidManifest.xml:100:9
	android:label
		ADDED from AndroidManifest.xml:100:50
	android:icon
		ADDED from AndroidManifest.xml:101:13
	android:name
		ADDED from AndroidManifest.xml:100:19
intent-filter#android.intent.action.CREATE_LIVE_FOLDER+android.intent.category.DEFAULT
ADDED from AndroidManifest.xml:102:13
action#android.intent.action.CREATE_LIVE_FOLDER
ADDED from AndroidManifest.xml:103:17
	android:name
		ADDED from AndroidManifest.xml:103:25
uses-permission#android.permission.WRITE_EXTERNAL_STORAGE
ADDED from AndroidManifest.xml:109:2
	android:name
		ADDED from AndroidManifest.xml:109:19
uses-sdk
ADDED from AndroidManifest.xml:110:5
	android:targetSdkVersion
		INJECTED from AndroidManifest.xml:0:0
		INJECTED from AndroidManifest.xml:0:0
	android:minSdkVersion
		ADDED from AndroidManifest.xml:110:15
		INJECTED from AndroidManifest.xml:0:0
		INJECTED from AndroidManifest.xml:0:0